2023/02/15 19:21:52 [notice] 1#1: using the "epoll" event method
2023/02/15 19:21:52 [notice] 1#1: nginx/1.23.3
2023/02/15 19:21:52 [notice] 1#1: built by gcc 10.2.1 20210110 (Debian 10.2.1-6) 
2023/02/15 19:21:52 [notice] 1#1: OS: Linux 5.15.49-linuxkit
2023/02/15 19:21:52 [notice] 1#1: getrlimit(RLIMIT_NOFILE): 1048576:1048576
2023/02/15 19:21:52 [notice] 1#1: start worker processes
2023/02/15 19:21:52 [notice] 1#1: start worker process 21
2023/02/15 19:21:52 [notice] 1#1: start worker process 22
2023/02/15 19:21:52 [notice] 1#1: start worker process 23
2023/02/15 19:21:52 [notice] 1#1: start worker process 24
2023/02/15 19:41:11 [notice] 1#1: signal 3 (SIGQUIT) received, shutting down
2023/02/15 19:41:11 [notice] 21#21: gracefully shutting down
2023/02/15 19:41:11 [notice] 22#22: gracefully shutting down
2023/02/15 19:41:11 [notice] 21#21: exiting
2023/02/15 19:41:11 [notice] 23#23: gracefully shutting down
2023/02/15 19:41:11 [notice] 24#24: gracefully shutting down
2023/02/15 19:41:11 [notice] 22#22: exiting
2023/02/15 19:41:11 [notice] 21#21: exit
2023/02/15 19:41:11 [notice] 23#23: exiting
2023/02/15 19:41:11 [notice] 24#24: exiting
2023/02/15 19:41:11 [notice] 22#22: exit
2023/02/15 19:41:11 [notice] 23#23: exit
2023/02/15 19:41:11 [notice] 24#24: exit
2023/02/15 19:41:11 [notice] 1#1: signal 17 (SIGCHLD) received from 21
2023/02/15 19:41:11 [notice] 1#1: worker process 21 exited with code 0
2023/02/15 19:41:11 [notice] 1#1: worker process 22 exited with code 0
2023/02/15 19:41:11 [notice] 1#1: worker process 24 exited with code 0
2023/02/15 19:41:11 [notice] 1#1: worker process 23 exited with code 0
2023/02/15 19:41:11 [notice] 1#1: exit
2023/02/15 19:41:20 [notice] 1#1: using the "epoll" event method
2023/02/15 19:41:20 [notice] 1#1: nginx/1.23.3
2023/02/15 19:41:20 [notice] 1#1: built by gcc 10.2.1 20210110 (Debian 10.2.1-6) 
2023/02/15 19:41:20 [notice] 1#1: OS: Linux 5.15.49-linuxkit
2023/02/15 19:41:20 [notice] 1#1: getrlimit(RLIMIT_NOFILE): 1048576:1048576
2023/02/15 19:41:20 [notice] 1#1: start worker processes
2023/02/15 19:41:20 [notice] 1#1: start worker process 20
2023/02/15 19:41:20 [notice] 1#1: start worker process 21
2023/02/15 19:41:20 [notice] 1#1: start worker process 22
2023/02/15 19:41:20 [notice] 1#1: start worker process 23
2023/02/15 19:41:26 [error] 21#21: *2 directory index of "/srv/src/vinbot/public/" is forbidden, client: 172.21.0.1, server: , request: "GET / HTTP/1.1", host: "localhost"
2023/02/15 19:45:01 [error] 22#22: *5 upstream timed out (110: Connection timed out) while reading response header from upstream, client: 172.21.0.1, server: , request: "GET / HTTP/1.1", upstream: "fastcgi://172.21.0.3:9000", host: "localhost"
2023/02/15 19:47:03 [error] 22#22: *5 upstream timed out (110: Connection timed out) while reading response header from upstream, client: 172.21.0.1, server: , request: "GET / HTTP/1.1", upstream: "fastcgi://172.21.0.3:9000", host: "localhost"
